Generated at 2022-05-04 21:10:07 +0000
Mixlib::ShellOut::ShellCommandFailed: asdf_package[nodejs] (test::default line 4) had an error: Mixlib::ShellOut::ShellCommandFailed: asdf_script[install nodejs package dependencies] (test::default line 150) had an error: Mixlib::ShellOut::ShellCommandFailed: bash[install nodejs package dependencies] (test::default line 22) had an error: Mixlib::ShellOut::ShellCommandFailed: Expected process to exit with [0], but received '127'
---- Begin output of "bash"  ----
STDOUT: 
STDERR: bash: /home/vagrant/.asdf/plugins/nodejs/bin/import-release-team-keyring: No such file or directory
---- End output of "bash"  ----
Ran "bash"  returned 127
/opt/chef/embedded/lib/ruby/gems/3.0.0/gems/mixlib-shellout-3.2.5/lib/mixlib/shellout.rb:300:in `invalid!'
/opt/chef/embedded/lib/ruby/gems/3.0.0/gems/mixlib-shellout-3.2.5/lib/mixlib/shellout.rb:287:in `error!'
/opt/chef/embedded/lib/ruby/gems/3.0.0/gems/mixlib-shellout-3.2.5/lib/mixlib/shellout/helper.rb:130:in `shell_out_compacted!'
/opt/chef/embedded/lib/ruby/gems/3.0.0/gems/mixlib-shellout-3.2.5/lib/mixlib/shellout/helper.rb:54:in `shell_out!'
/opt/chef/embedded/lib/ruby/gems/3.0.0/gems/chef-17.10.3/lib/chef/provider/execute.rb:52:in `block (2 levels) in <class:Execute>'
/opt/chef/embedded/lib/ruby/gems/3.0.0/gems/chef-17.10.3/lib/chef/mixin/why_run.rb:51:in `add_action'
/opt/chef/embedded/lib/ruby/gems/3.0.0/gems/chef-17.10.3/lib/chef/provider.rb:293:in `converge_by'
/opt/chef/embedded/lib/ruby/gems/3.0.0/gems/chef-17.10.3/lib/chef/provider/execute.rb:50:in `block in <class:Execute>'
(eval):2:in `block in action_run'
/opt/chef/embedded/lib/ruby/gems/3.0.0/gems/chef-17.10.3/lib/chef/provider.rb:304:in `instance_eval'
/opt/chef/embedded/lib/ruby/gems/3.0.0/gems/chef-17.10.3/lib/chef/provider.rb:304:in `compile_and_converge_action'
(eval):2:in `action_run'
/opt/chef/embedded/lib/ruby/gems/3.0.0/gems/chef-17.10.3/lib/chef/provider.rb:245:in `run_action'
/opt/chef/embedded/lib/ruby/gems/3.0.0/gems/chef-17.10.3/lib/chef/resource.rb:601:in `block in run_action'
/opt/chef/embedded/lib/ruby/gems/3.0.0/gems/chef-17.10.3/lib/chef/resource.rb:628:in `with_umask'
/opt/chef/embedded/lib/ruby/gems/3.0.0/gems/chef-17.10.3/lib/chef/resource.rb:600:in `run_action'
/opt/chef/embedded/lib/ruby/gems/3.0.0/gems/chef-17.10.3/lib/chef/runner.rb:74:in `run_action'
/opt/chef/embedded/lib/ruby/gems/3.0.0/gems/chef-17.10.3/lib/chef/runner.rb:108:in `block in run_all_actions'
/opt/chef/embedded/lib/ruby/gems/3.0.0/gems/chef-17.10.3/lib/chef/runner.rb:108:in `each'
/opt/chef/embedded/lib/ruby/gems/3.0.0/gems/chef-17.10.3/lib/chef/runner.rb:108:in `run_all_actions'
/opt/chef/embedded/lib/ruby/gems/3.0.0/gems/chef-17.10.3/lib/chef/runner.rb:132:in `block in converge'
/opt/chef/embedded/lib/ruby/gems/3.0.0/gems/chef-17.10.3/lib/chef/resource_collection/resource_list.rb:96:in `block in execute_each_resource'
/opt/chef/embedded/lib/ruby/gems/3.0.0/gems/chef-17.10.3/lib/chef/resource_collection/stepable_iterator.rb:114:in `call_iterator_block'
/opt/chef/embedded/lib/ruby/gems/3.0.0/gems/chef-17.10.3/lib/chef/resource_collection/stepable_iterator.rb:85:in `step'
/opt/chef/embedded/lib/ruby/gems/3.0.0/gems/chef-17.10.3/lib/chef/resource_collection/stepable_iterator.rb:103:in `iterate'
/opt/chef/embedded/lib/ruby/gems/3.0.0/gems/chef-17.10.3/lib/chef/resource_collection/stepable_iterator.rb:54:in `each_with_index'
/opt/chef/embedded/lib/ruby/gems/3.0.0/gems/chef-17.10.3/lib/chef/resource_collection/resource_list.rb:94:in `execute_each_resource'
/opt/chef/embedded/lib/ruby/3.0.0/forwardable.rb:238:in `execute_each_resource'
/opt/chef/embedded/lib/ruby/gems/3.0.0/gems/chef-17.10.3/lib/chef/runner.rb:130:in `converge'
/opt/chef/embedded/lib/ruby/gems/3.0.0/gems/chef-17.10.3/lib/chef/provider.rb:305:in `compile_and_converge_action'
(eval):2:in `action_run'
/opt/chef/embedded/lib/ruby/gems/3.0.0/gems/chef-17.10.3/lib/chef/provider.rb:245:in `run_action'
/opt/chef/embedded/lib/ruby/gems/3.0.0/gems/chef-17.10.3/lib/chef/resource.rb:601:in `block in run_action'
/opt/chef/embedded/lib/ruby/gems/3.0.0/gems/chef-17.10.3/lib/chef/resource.rb:628:in `with_umask'
/opt/chef/embedded/lib/ruby/gems/3.0.0/gems/chef-17.10.3/lib/chef/resource.rb:600:in `run_action'
/opt/chef/embedded/lib/ruby/gems/3.0.0/gems/chef-17.10.3/lib/chef/runner.rb:74:in `run_action'
/opt/chef/embedded/lib/ruby/gems/3.0.0/gems/chef-17.10.3/lib/chef/runner.rb:108:in `block in run_all_actions'
/opt/chef/embedded/lib/ruby/gems/3.0.0/gems/chef-17.10.3/lib/chef/runner.rb:108:in `each'
/opt/chef/embedded/lib/ruby/gems/3.0.0/gems/chef-17.10.3/lib/chef/runner.rb:108:in `run_all_actions'
/opt/chef/embedded/lib/ruby/gems/3.0.0/gems/chef-17.10.3/lib/chef/runner.rb:132:in `block in converge'
/opt/chef/embedded/lib/ruby/gems/3.0.0/gems/chef-17.10.3/lib/chef/resource_collection/resource_list.rb:96:in `block in execute_each_resource'
/opt/chef/embedded/lib/ruby/gems/3.0.0/gems/chef-17.10.3/lib/chef/resource_collection/stepable_iterator.rb:114:in `call_iterator_block'
/opt/chef/embedded/lib/ruby/gems/3.0.0/gems/chef-17.10.3/lib/chef/resource_collection/stepable_iterator.rb:85:in `step'
/opt/chef/embedded/lib/ruby/gems/3.0.0/gems/chef-17.10.3/lib/chef/resource_collection/stepable_iterator.rb:103:in `iterate'
/opt/chef/embedded/lib/ruby/gems/3.0.0/gems/chef-17.10.3/lib/chef/resource_collection/stepable_iterator.rb:54:in `each_with_index'
/opt/chef/embedded/lib/ruby/gems/3.0.0/gems/chef-17.10.3/lib/chef/resource_collection/resource_list.rb:94:in `execute_each_resource'
/opt/chef/embedded/lib/ruby/3.0.0/forwardable.rb:238:in `execute_each_resource'
/opt/chef/embedded/lib/ruby/gems/3.0.0/gems/chef-17.10.3/lib/chef/runner.rb:130:in `converge'
/opt/chef/embedded/lib/ruby/gems/3.0.0/gems/chef-17.10.3/lib/chef/provider.rb:305:in `compile_and_converge_action'
(eval):2:in `action_install'
/opt/chef/embedded/lib/ruby/gems/3.0.0/gems/chef-17.10.3/lib/chef/provider.rb:245:in `run_action'
/opt/chef/embedded/lib/ruby/gems/3.0.0/gems/chef-17.10.3/lib/chef/resource.rb:601:in `block in run_action'
/opt/chef/embedded/lib/ruby/gems/3.0.0/gems/chef-17.10.3/lib/chef/resource.rb:628:in `with_umask'
/opt/chef/embedded/lib/ruby/gems/3.0.0/gems/chef-17.10.3/lib/chef/resource.rb:600:in `run_action'
/opt/chef/embedded/lib/ruby/gems/3.0.0/gems/chef-17.10.3/lib/chef/runner.rb:74:in `run_action'
/opt/chef/embedded/lib/ruby/gems/3.0.0/gems/chef-17.10.3/lib/chef/runner.rb:108:in `block in run_all_actions'
/opt/chef/embedded/lib/ruby/gems/3.0.0/gems/chef-17.10.3/lib/chef/runner.rb:108:in `each'
/opt/chef/embedded/lib/ruby/gems/3.0.0/gems/chef-17.10.3/lib/chef/runner.rb:108:in `run_all_actions'
/opt/chef/embedded/lib/ruby/gems/3.0.0/gems/chef-17.10.3/lib/chef/runner.rb:132:in `block in converge'
/opt/chef/embedded/lib/ruby/gems/3.0.0/gems/chef-17.10.3/lib/chef/resource_collection/resource_list.rb:96:in `block in execute_each_resource'
/opt/chef/embedded/lib/ruby/gems/3.0.0/gems/chef-17.10.3/lib/chef/resource_collection/stepable_iterator.rb:114:in `call_iterator_block'
/opt/chef/embedded/lib/ruby/gems/3.0.0/gems/chef-17.10.3/lib/chef/resource_collection/stepable_iterator.rb:85:in `step'
/opt/chef/embedded/lib/ruby/gems/3.0.0/gems/chef-17.10.3/lib/chef/resource_collection/stepable_iterator.rb:103:in `iterate'
/opt/chef/embedded/lib/ruby/gems/3.0.0/gems/chef-17.10.3/lib/chef/resource_collection/stepable_iterator.rb:54:in `each_with_index'
/opt/chef/embedded/lib/ruby/gems/3.0.0/gems/chef-17.10.3/lib/chef/resource_collection/resource_list.rb:94:in `execute_each_resource'
/opt/chef/embedded/lib/ruby/3.0.0/forwardable.rb:238:in `execute_each_resource'
/opt/chef/embedded/lib/ruby/gems/3.0.0/gems/chef-17.10.3/lib/chef/runner.rb:130:in `converge'
/opt/chef/embedded/lib/ruby/gems/3.0.0/gems/chef-17.10.3/lib/chef/client.rb:686:in `block in converge'
/opt/chef/embedded/lib/ruby/gems/3.0.0/gems/chef-17.10.3/lib/chef/client.rb:681:in `catch'
/opt/chef/embedded/lib/ruby/gems/3.0.0/gems/chef-17.10.3/lib/chef/client.rb:681:in `converge'
/opt/chef/embedded/lib/ruby/gems/3.0.0/gems/chef-17.10.3/lib/chef/client.rb:705:in `converge_and_save'
/opt/chef/embedded/lib/ruby/gems/3.0.0/gems/chef-17.10.3/lib/chef/client.rb:285:in `run'
/opt/chef/embedded/lib/ruby/gems/3.0.0/gems/chef-17.10.3/lib/chef/application.rb:305:in `run_with_graceful_exit_option'
/opt/chef/embedded/lib/ruby/gems/3.0.0/gems/chef-17.10.3/lib/chef/application.rb:281:in `block in run_chef_client'
/opt/chef/embedded/lib/ruby/gems/3.0.0/gems/chef-17.10.3/lib/chef/local_mode.rb:42:in `with_server_connectivity'
/opt/chef/embedded/lib/ruby/gems/3.0.0/gems/chef-17.10.3/lib/chef/application.rb:264:in `run_chef_client'
/opt/chef/embedded/lib/ruby/gems/3.0.0/gems/chef-17.10.3/lib/chef/application/base.rb:352:in `run_application'
/opt/chef/embedded/lib/ruby/gems/3.0.0/gems/chef-17.10.3/lib/chef/application.rb:67:in `run'
/opt/chef/embedded/lib/ruby/gems/3.0.0/gems/chef-17.10.3/lib/chef/application/solo.rb:60:in `run'
/opt/chef/embedded/lib/ruby/gems/3.0.0/gems/chef-bin-17.10.3/bin/chef-solo:24:in `<top (required)>'
/usr/bin/chef-solo:160:in `load'
/usr/bin/chef-solo:160:in `<main>'

>>>> Caused by Mixlib::ShellOut::ShellCommandFailed: Expected process to exit with [0], but received '127'
---- Begin output of "bash"  ----
STDOUT: 
STDERR: bash: /home/vagrant/.asdf/plugins/nodejs/bin/import-release-team-keyring: No such file or directory
---- End output of "bash"  ----
Ran "bash"  returned 127
/opt/chef/embedded/lib/ruby/gems/3.0.0/gems/mixlib-shellout-3.2.5/lib/mixlib/shellout.rb:300:in `invalid!'
/opt/chef/embedded/lib/ruby/gems/3.0.0/gems/mixlib-shellout-3.2.5/lib/mixlib/shellout.rb:287:in `error!'
/opt/chef/embedded/lib/ruby/gems/3.0.0/gems/mixlib-shellout-3.2.5/lib/mixlib/shellout/helper.rb:130:in `shell_out_compacted!'
/opt/chef/embedded/lib/ruby/gems/3.0.0/gems/mixlib-shellout-3.2.5/lib/mixlib/shellout/helper.rb:54:in `shell_out!'
/opt/chef/embedded/lib/ruby/gems/3.0.0/gems/chef-17.10.3/lib/chef/provider/execute.rb:52:in `block (2 levels) in <class:Execute>'
/opt/chef/embedded/lib/ruby/gems/3.0.0/gems/chef-17.10.3/lib/chef/mixin/why_run.rb:51:in `add_action'
/opt/chef/embedded/lib/ruby/gems/3.0.0/gems/chef-17.10.3/lib/chef/provider.rb:293:in `converge_by'
/opt/chef/embedded/lib/ruby/gems/3.0.0/gems/chef-17.10.3/lib/chef/provider/execute.rb:50:in `block in <class:Execute>'
(eval):2:in `block in action_run'
/opt/chef/embedded/lib/ruby/gems/3.0.0/gems/chef-17.10.3/lib/chef/provider.rb:304:in `instance_eval'
/opt/chef/embedded/lib/ruby/gems/3.0.0/gems/chef-17.10.3/lib/chef/provider.rb:304:in `compile_and_converge_action'
(eval):2:in `action_run'
/opt/chef/embedded/lib/ruby/gems/3.0.0/gems/chef-17.10.3/lib/chef/provider.rb:245:in `run_action'
/opt/chef/embedded/lib/ruby/gems/3.0.0/gems/chef-17.10.3/lib/chef/resource.rb:601:in `block in run_action'
/opt/chef/embedded/lib/ruby/gems/3.0.0/gems/chef-17.10.3/lib/chef/resource.rb:628:in `with_umask'
/opt/chef/embedded/lib/ruby/gems/3.0.0/gems/chef-17.10.3/lib/chef/resource.rb:600:in `run_action'
/opt/chef/embedded/lib/ruby/gems/3.0.0/gems/chef-17.10.3/lib/chef/runner.rb:74:in `run_action'
/opt/chef/embedded/lib/ruby/gems/3.0.0/gems/chef-17.10.3/lib/chef/runner.rb:108:in `block in run_all_actions'
/opt/chef/embedded/lib/ruby/gems/3.0.0/gems/chef-17.10.3/lib/chef/runner.rb:108:in `each'
/opt/chef/embedded/lib/ruby/gems/3.0.0/gems/chef-17.10.3/lib/chef/runner.rb:108:in `run_all_actions'
/opt/chef/embedded/lib/ruby/gems/3.0.0/gems/chef-17.10.3/lib/chef/runner.rb:132:in `block in converge'
/opt/chef/embedded/lib/ruby/gems/3.0.0/gems/chef-17.10.3/lib/chef/resource_collection/resource_list.rb:96:in `block in execute_each_resource'
/opt/chef/embedded/lib/ruby/gems/3.0.0/gems/chef-17.10.3/lib/chef/resource_collection/stepable_iterator.rb:114:in `call_iterator_block'
/opt/chef/embedded/lib/ruby/gems/3.0.0/gems/chef-17.10.3/lib/chef/resource_collection/stepable_iterator.rb:85:in `step'
/opt/chef/embedded/lib/ruby/gems/3.0.0/gems/chef-17.10.3/lib/chef/resource_collection/stepable_iterator.rb:103:in `iterate'
/opt/chef/embedded/lib/ruby/gems/3.0.0/gems/chef-17.10.3/lib/chef/resource_collection/stepable_iterator.rb:54:in `each_with_index'
/opt/chef/embedded/lib/ruby/gems/3.0.0/gems/chef-17.10.3/lib/chef/resource_collection/resource_list.rb:94:in `execute_each_resource'
/opt/chef/embedded/lib/ruby/3.0.0/forwardable.rb:238:in `execute_each_resource'
/opt/chef/embedded/lib/ruby/gems/3.0.0/gems/chef-17.10.3/lib/chef/runner.rb:130:in `converge'
/opt/chef/embedded/lib/ruby/gems/3.0.0/gems/chef-17.10.3/lib/chef/provider.rb:305:in `compile_and_converge_action'
(eval):2:in `action_run'
/opt/chef/embedded/lib/ruby/gems/3.0.0/gems/chef-17.10.3/lib/chef/provider.rb:245:in `run_action'
/opt/chef/embedded/lib/ruby/gems/3.0.0/gems/chef-17.10.3/lib/chef/resource.rb:601:in `block in run_action'
/opt/chef/embedded/lib/ruby/gems/3.0.0/gems/chef-17.10.3/lib/chef/resource.rb:628:in `with_umask'
/opt/chef/embedded/lib/ruby/gems/3.0.0/gems/chef-17.10.3/lib/chef/resource.rb:600:in `run_action'
/opt/chef/embedded/lib/ruby/gems/3.0.0/gems/chef-17.10.3/lib/chef/runner.rb:74:in `run_action'
/opt/chef/embedded/lib/ruby/gems/3.0.0/gems/chef-17.10.3/lib/chef/runner.rb:108:in `block in run_all_actions'
/opt/chef/embedded/lib/ruby/gems/3.0.0/gems/chef-17.10.3/lib/chef/runner.rb:108:in `each'
/opt/chef/embedded/lib/ruby/gems/3.0.0/gems/chef-17.10.3/lib/chef/runner.rb:108:in `run_all_actions'
/opt/chef/embedded/lib/ruby/gems/3.0.0/gems/chef-17.10.3/lib/chef/runner.rb:132:in `block in converge'
/opt/chef/embedded/lib/ruby/gems/3.0.0/gems/chef-17.10.3/lib/chef/resource_collection/resource_list.rb:96:in `block in execute_each_resource'
/opt/chef/embedded/lib/ruby/gems/3.0.0/gems/chef-17.10.3/lib/chef/resource_collection/stepable_iterator.rb:114:in `call_iterator_block'
/opt/chef/embedded/lib/ruby/gems/3.0.0/gems/chef-17.10.3/lib/chef/resource_collection/stepable_iterator.rb:85:in `step'
/opt/chef/embedded/lib/ruby/gems/3.0.0/gems/chef-17.10.3/lib/chef/resource_collection/stepable_iterator.rb:103:in `iterate'
/opt/chef/embedded/lib/ruby/gems/3.0.0/gems/chef-17.10.3/lib/chef/resource_collection/stepable_iterator.rb:54:in `each_with_index'
/opt/chef/embedded/lib/ruby/gems/3.0.0/gems/chef-17.10.3/lib/chef/resource_collection/resource_list.rb:94:in `execute_each_resource'
/opt/chef/embedded/lib/ruby/3.0.0/forwardable.rb:238:in `execute_each_resource'
/opt/chef/embedded/lib/ruby/gems/3.0.0/gems/chef-17.10.3/lib/chef/runner.rb:130:in `converge'
/opt/chef/embedded/lib/ruby/gems/3.0.0/gems/chef-17.10.3/lib/chef/provider.rb:305:in `compile_and_converge_action'
(eval):2:in `action_install'
/opt/chef/embedded/lib/ruby/gems/3.0.0/gems/chef-17.10.3/lib/chef/provider.rb:245:in `run_action'
/opt/chef/embedded/lib/ruby/gems/3.0.0/gems/chef-17.10.3/lib/chef/resource.rb:601:in `block in run_action'
/opt/chef/embedded/lib/ruby/gems/3.0.0/gems/chef-17.10.3/lib/chef/resource.rb:628:in `with_umask'
/opt/chef/embedded/lib/ruby/gems/3.0.0/gems/chef-17.10.3/lib/chef/resource.rb:600:in `run_action'
/opt/chef/embedded/lib/ruby/gems/3.0.0/gems/chef-17.10.3/lib/chef/runner.rb:74:in `run_action'
/opt/chef/embedded/lib/ruby/gems/3.0.0/gems/chef-17.10.3/lib/chef/runner.rb:108:in `block in run_all_actions'
/opt/chef/embedded/lib/ruby/gems/3.0.0/gems/chef-17.10.3/lib/chef/runner.rb:108:in `each'
/opt/chef/embedded/lib/ruby/gems/3.0.0/gems/chef-17.10.3/lib/chef/runner.rb:108:in `run_all_actions'
/opt/chef/embedded/lib/ruby/gems/3.0.0/gems/chef-17.10.3/lib/chef/runner.rb:132:in `block in converge'
/opt/chef/embedded/lib/ruby/gems/3.0.0/gems/chef-17.10.3/lib/chef/resource_collection/resource_list.rb:96:in `block in execute_each_resource'
/opt/chef/embedded/lib/ruby/gems/3.0.0/gems/chef-17.10.3/lib/chef/resource_collection/stepable_iterator.rb:114:in `call_iterator_block'
/opt/chef/embedded/lib/ruby/gems/3.0.0/gems/chef-17.10.3/lib/chef/resource_collection/stepable_iterator.rb:85:in `step'
/opt/chef/embedded/lib/ruby/gems/3.0.0/gems/chef-17.10.3/lib/chef/resource_collection/stepable_iterator.rb:103:in `iterate'
/opt/chef/embedded/lib/ruby/gems/3.0.0/gems/chef-17.10.3/lib/chef/resource_collection/stepable_iterator.rb:54:in `each_with_index'
/opt/chef/embedded/lib/ruby/gems/3.0.0/gems/chef-17.10.3/lib/chef/resource_collection/resource_list.rb:94:in `execute_each_resource'
/opt/chef/embedded/lib/ruby/3.0.0/forwardable.rb:238:in `execute_each_resource'
/opt/chef/embedded/lib/ruby/gems/3.0.0/gems/chef-17.10.3/lib/chef/runner.rb:130:in `converge'
/opt/chef/embedded/lib/ruby/gems/3.0.0/gems/chef-17.10.3/lib/chef/client.rb:686:in `block in converge'
/opt/chef/embedded/lib/ruby/gems/3.0.0/gems/chef-17.10.3/lib/chef/client.rb:681:in `catch'
/opt/chef/embedded/lib/ruby/gems/3.0.0/gems/chef-17.10.3/lib/chef/client.rb:681:in `converge'
/opt/chef/embedded/lib/ruby/gems/3.0.0/gems/chef-17.10.3/lib/chef/client.rb:705:in `converge_and_save'
/opt/chef/embedded/lib/ruby/gems/3.0.0/gems/chef-17.10.3/lib/chef/client.rb:285:in `run'
/opt/chef/embedded/lib/ruby/gems/3.0.0/gems/chef-17.10.3/lib/chef/application.rb:305:in `run_with_graceful_exit_option'
/opt/chef/embedded/lib/ruby/gems/3.0.0/gems/chef-17.10.3/lib/chef/application.rb:281:in `block in run_chef_client'
/opt/chef/embedded/lib/ruby/gems/3.0.0/gems/chef-17.10.3/lib/chef/local_mode.rb:42:in `with_server_connectivity'
/opt/chef/embedded/lib/ruby/gems/3.0.0/gems/chef-17.10.3/lib/chef/application.rb:264:in `run_chef_client'
/opt/chef/embedded/lib/ruby/gems/3.0.0/gems/chef-17.10.3/lib/chef/application/base.rb:352:in `run_application'
/opt/chef/embedded/lib/ruby/gems/3.0.0/gems/chef-17.10.3/lib/chef/application.rb:67:in `run'
/opt/chef/embedded/lib/ruby/gems/3.0.0/gems/chef-17.10.3/lib/chef/application/solo.rb:60:in `run'
/opt/chef/embedded/lib/ruby/gems/3.0.0/gems/chef-bin-17.10.3/bin/chef-solo:24:in `<top (required)>'
/usr/bin/chef-solo:160:in `load'
/usr/bin/chef-solo:160:in `<main>'