[    0.000000] Linux version 4.15.0-173-generic (buildd@lcy02-amd64-094) (gcc version 7.5.0 (Ubuntu 7.5.0-3ubuntu1~18.04)) #182-Ubuntu SMP Fri Mar 18 15:53:46 UTC 2022 (Ubuntu 4.15.0-173.182-generic 4.15.18)
[    0.000000] Command line: BOOT_IMAGE=/boot/vmlinuz-4.15.0-173-generic root=LABEL=cloudimg-rootfs ro console=tty1 console=ttyS0
[    0.000000] KERNEL supported cpus:
[    0.000000]   Intel GenuineIntel
[    0.000000]   AMD AuthenticAMD
[    0.000000]   Centaur CentaurHauls
[    0.000000] x86/fpu: Supporting XSAVE feature 0x001: 'x87 floating point registers'
[    0.000000] x86/fpu: Supporting XSAVE feature 0x002: 'SSE registers'
[    0.000000] x86/fpu: Supporting XSAVE feature 0x004: 'AVX registers'
[    0.000000] x86/fpu: xstate_offset[2]:  576, xstate_sizes[2]:  256
[    0.000000] x86/fpu: Enabled xstate features 0x7, context size is 832 bytes, using 'standard' format.
[    0.000000] e820: BIOS-provided physical RAM map:
[    0.000000] BIOS-e820: [mem 0x0000000000000000-0x000000000009fbff] usable
[    0.000000] BIOS-e820: [mem 0x000000000009fc00-0x000000000009ffff] reserved
[    0.000000] BIOS-e820: [mem 0x00000000000f0000-0x00000000000fffff] reserved
[    0.000000] BIOS-e820: [mem 0x0000000000100000-0x00000000dffeffff] usable
[    0.000000] BIOS-e820: [mem 0x00000000dfff0000-0x00000000dfffffff] ACPI data
[    0.000000] BIOS-e820: [mem 0x00000000fec00000-0x00000000fec00fff] reserved
[    0.000000] BIOS-e820: [mem 0x00000000fee00000-0x00000000fee00fff] reserved
[    0.000000] BIOS-e820: [mem 0x00000000fffc0000-0x00000000ffffffff] reserved
[    0.000000] BIOS-e820: [mem 0x0000000100000000-0x000000011fffffff] usable
[    0.000000] NX (Execute Disable) protection: active
[    0.000000] SMBIOS 2.5 present.
[    0.000000] DMI: innotek GmbH VirtualBox/VirtualBox, BIOS VirtualBox 12/01/2006
[    0.000000] Hypervisor detected: KVM
[    0.000000] e820: last_pfn = 0x120000 max_arch_pfn = 0x400000000
[    0.000000] MTRR: Disabled
[    0.000000] x86/PAT: MTRRs disabled, skipping PAT initialization too.
[    0.000000] CPU MTRRs all blank - virtualized system.
[    0.000000] x86/PAT: Configuration [0-7]: WB  WT  UC- UC  WB  WT  UC- UC  
[    0.000000] e820: last_pfn = 0xdfff0 max_arch_pfn = 0x400000000
[    0.000000] found SMP MP-table at [mem 0x0009fff0-0x0009ffff]
[    0.000000] Scanning 1 areas for low memory corruption
[    0.000000] RAMDISK: [mem 0x359cb000-0x36cdcfff]
[    0.000000] ACPI: Early table checksum verification disabled
[    0.000000] ACPI: RSDP 0x00000000000E0000 000024 (v02 VBOX  )
[    0.000000] ACPI: XSDT 0x00000000DFFF0030 00003C (v01 VBOX   VBOXXSDT 00000001 ASL  00000061)
[    0.000000] ACPI: FACP 0x00000000DFFF00F0 0000F4 (v04 VBOX   VBOXFACP 00000001 ASL  00000061)
[    0.000000] ACPI: DSDT 0x00000000DFFF0470 002325 (v02 VBOX   VBOXBIOS 00000002 INTL 20120111)
[    0.000000] ACPI: FACS 0x00000000DFFF0200 000040
[    0.000000] ACPI: FACS 0x00000000DFFF0200 000040
[    0.000000] ACPI: APIC 0x00000000DFFF0240 00005C (v02 VBOX   VBOXAPIC 00000001 ASL  00000061)
[    0.000000] ACPI: SSDT 0x00000000DFFF02A0 0001CC (v01 VBOX   VBOXCPUT 00000002 INTL 20120111)
[    0.000000] ACPI: Reserving FACP table memory at [mem 0xdfff00f0-0xdfff01e3]
[    0.000000] ACPI: Reserving DSDT table memory at [mem 0xdfff0470-0xdfff2794]
[    0.000000] ACPI: Reserving FACS table memory at [mem 0xdfff0200-0xdfff023f]
[    0.000000] ACPI: Reserving FACS table memory at [mem 0xdfff0200-0xdfff023f]
[    0.000000] ACPI: Reserving APIC table memory at [mem 0xdfff0240-0xdfff029b]
[    0.000000] ACPI: Reserving SSDT table memory at [mem 0xdfff02a0-0xdfff046b]
[    0.000000] No NUMA configuration found
[    0.000000] Faking a node at [mem 0x0000000000000000-0x000000011fffffff]
[    0.000000] NODE_DATA(0) allocated [mem 0x11ffd1000-0x11fffbfff]
[    0.000000] kvm-clock: cpu 0, msr 1:1ff50001, primary cpu clock
[    0.000000] kvm-clock: Using msrs 4b564d01 and 4b564d00
[    0.000000] kvm-clock: using sched offset of 4299446664 cycles
[    0.000000] clocksource: kvm-clock: mask: 0xffffffffffffffff max_cycles: 0x1cd42e4dffb, max_idle_ns: 881590591483 ns
[    0.000000] Zone ranges:
[    0.000000]   DMA      [mem 0x0000000000001000-0x0000000000ffffff]
[    0.000000]   DMA32    [mem 0x0000000001000000-0x00000000ffffffff]
[    0.000000]   Normal   [mem 0x0000000100000000-0x000000011fffffff]
[    0.000000]   Device   empty
[    0.000000] Movable zone start for each node
[    0.000000] Early memory node ranges
[    0.000000]   node   0: [mem 0x0000000000001000-0x000000000009efff]
[    0.000000]   node   0: [mem 0x0000000000100000-0x00000000dffeffff]
[    0.000000]   node   0: [mem 0x0000000100000000-0x000000011fffffff]
[    0.000000] Reserved but unavailable: 104 pages
[    0.000000] Initmem setup node 0 [mem 0x0000000000001000-0x000000011fffffff]
[    0.000000] ACPI: PM-Timer IO Port: 0x4008
[    0.000000] IOAPIC[0]: apic_id 2, version 32, address 0xfec00000, GSI 0-23
[    0.000000] ACPI: INT_SRC_OVR (bus 0 bus_irq 0 global_irq 2 dfl dfl)
[    0.000000] ACPI: INT_SRC_OVR (bus 0 bus_irq 9 global_irq 9 low level)
[    0.000000] Using ACPI (MADT) for SMP configuration information
[    0.000000] smpboot: Allowing 2 CPUs, 0 hotplug CPUs
[    0.000000] PM: Registered nosave memory: [mem 0x00000000-0x00000fff]
[    0.000000] PM: Registered nosave memory: [mem 0x0009f000-0x0009ffff]
[    0.000000] PM: Registered nosave memory: [mem 0x000a0000-0x000effff]
[    0.000000] PM: Registered nosave memory: [mem 0x000f0000-0x000fffff]
[    0.000000] PM: Registered nosave memory: [mem 0xdfff0000-0xdfffffff]
[    0.000000] PM: Registered nosave memory: [mem 0xe0000000-0xfebfffff]
[    0.000000] PM: Registered nosave memory: [mem 0xfec00000-0xfec00fff]
[    0.000000] PM: Registered nosave memory: [mem 0xfec01000-0xfedfffff]
[    0.000000] PM: Registered nosave memory: [mem 0xfee00000-0xfee00fff]
[    0.000000] PM: Registered nosave memory: [mem 0xfee01000-0xfffbffff]
[    0.000000] PM: Registered nosave memory: [mem 0xfffc0000-0xffffffff]
[    0.000000] e820: [mem 0xe0000000-0xfebfffff] available for PCI devices
[    0.000000] Booting paravirtualized kernel on KVM
[    0.000000] clocksource: refined-jiffies: mask: 0xffffffff max_cycles: 0xffffffff, max_idle_ns: 7645519600211568 ns
[    0.000000] random: get_random_bytes called from start_kernel+0x99/0x500 with crng_init=0
[    0.000000] setup_percpu: NR_CPUS:8192 nr_cpumask_bits:2 nr_cpu_ids:2 nr_node_ids:1
[    0.000000] percpu: Embedded 50 pages/cpu s167936 r8192 d28672 u1048576
[    0.000000] PV qspinlock hash table entries: 256 (order: 0, 4096 bytes)
[    0.000000] Built 1 zonelists, mobility grouping on.  Total pages: 1032057
[    0.000000] Policy zone: Normal
[    0.000000] Kernel command line: BOOT_IMAGE=/boot/vmlinuz-4.15.0-173-generic root=LABEL=cloudimg-rootfs ro console=tty1 console=ttyS0
[    0.000000] Memory: 4013256K/4193848K available (12300K kernel code, 2484K rwdata, 4324K rodata, 2468K init, 2724K bss, 180592K reserved, 0K cma-reserved)
[    0.000000] SLUB: HWalign=64, Order=0-3, MinObjects=0, CPUs=2, Nodes=1
[    0.000000] Kernel/User page tables isolation: enabled
[    0.000000] ftrace: allocating 39503 entries in 155 pages
[    0.004000] Hierarchical RCU implementation.
[    0.004000] 	RCU restricting CPUs from NR_CPUS=8192 to nr_cpu_ids=2.
[    0.004000] 	Tasks RCU enabled.
[    0.004000] RCU: Adjusting geometry for rcu_fanout_leaf=16, nr_cpu_ids=2
[    0.004000] NR_IRQS: 524544, nr_irqs: 440, preallocated irqs: 16
[    0.004000] Console: colour VGA+ 80x25
[    0.004000] console [tty1] enabled
[    0.004000] console [ttyS0] enabled
[    0.004000] ACPI: Core revision 20170831
[    0.004000] ACPI: 2 ACPI AML tables successfully acquired and loaded
[    0.004000] APIC: Switch to symmetric I/O mode setup
[    0.004000] x2apic enabled
[    0.004000] Switched APIC routing to physical x2apic.
[    0.005447] ..TIMER: vector=0x30 apic1=0 pin1=2 apic2=-1 pin2=-1
[    0.008005] tsc: Detected 2303.998 MHz processor
[    0.009292] Calibrating delay loop (skipped) preset value.. 4607.99 BogoMIPS (lpj=9215992)
[    0.010303] pid_max: default: 32768 minimum: 301
[    0.012097] Security Framework initialized
[    0.013477] Yama: becoming mindful.
[    0.016030] AppArmor: AppArmor initialized
[    0.022287] Dentry cache hash table entries: 524288 (order: 10, 4194304 bytes)
[    0.026243] Inode-cache hash table entries: 262144 (order: 9, 2097152 bytes)
[    0.028115] Mount-cache hash table entries: 8192 (order: 4, 65536 bytes)
[    0.030011] Mountpoint-cache hash table entries: 8192 (order: 4, 65536 bytes)
[    0.032421] Last level iTLB entries: 4KB 0, 2MB 0, 4MB 0
[    0.033828] Last level dTLB entries: 4KB 0, 2MB 0, 4MB 0, 1GB 0
[    0.036043] Spectre V1 : Mitigation: usercopy/swapgs barriers and __user pointer sanitization
[    0.038492] Spectre V2 : Mitigation: Retpolines
[    0.040004] Spectre V2 : Spectre v2 / SpectreRSB mitigation: Filling RSB on context switch
[    0.042250] Speculative Store Bypass: Vulnerable
[    0.044070] MDS: Mitigation: Clear CPU buffers
[    0.045465] Freeing SMP alternatives memory: 36K
[    0.157987] smpboot: CPU0: Intel(R) Core(TM) i7-1068NG7 CPU @ 2.30GHz (family: 0x6, model: 0x7e, stepping: 0x5)
[    0.160000] Performance Events: unsupported p6 CPU model 126 no PMU driver, software events only.
[    0.160128] Hierarchical SRCU implementation.
[    0.164506] NMI watchdog: Perf event create on CPU 0 failed with -2
[    0.166891] NMI watchdog: Perf NMI watchdog permanently disabled
[    0.168150] smp: Bringing up secondary CPUs ...
[    0.172145] x86: Booting SMP configuration:
[    0.173580] .... node  #0, CPUs:      #1
[    0.004000] kvm-clock: cpu 1, msr 1:1ff50041, secondary cpu clock
[    0.179141] smp: Brought up 1 node, 2 CPUs
[    0.180007] smpboot: Max logical packages: 1
[    0.181269] smpboot: Total of 2 processors activated (9215.99 BogoMIPS)
[    0.184115] devtmpfs: initialized
[    0.185211] x86/mm: Memory block size: 128MB
[    0.186991] evm: security.selinux
[    0.188008] evm: security.SMACK64
[    0.189271] evm: security.SMACK64EXEC
[    0.190512] evm: security.SMACK64TRANSMUTE
[    0.192005] evm: security.SMACK64MMAP
[    0.193108] evm: security.apparmor
[    0.194283] evm: security.ima
[    0.195418] evm: security.capability
[    0.196112] clocksource: jiffies: mask: 0xffffffff max_cycles: 0xffffffff, max_idle_ns: 7645041785100000 ns
[    0.198918] futex hash table entries: 512 (order: 3, 32768 bytes)
[    0.200105] pinctrl core: initialized pinctrl subsystem
[    0.201702] RTC time: 21:06:32, date: 05/04/22
[    0.202735] NET: Registered protocol family 16
[    0.204060] audit: initializing netlink subsys (disabled)
[    0.205156] audit: type=2000 audit(1651698398.423:1): state=initialized audit_enabled=0 res=1
[    0.205156] cpuidle: using governor ladder
[    0.208020] cpuidle: using governor menu
[    0.209064] ACPI: bus type PCI registered
[    0.209883] acpiphp: ACPI Hot Plug PCI Controller Driver version: 0.5
[    0.211221] PCI: Using configuration type 1 for base access
[    0.212872] HugeTLB registered 2.00 MiB page size, pre-allocated 0 pages
[    0.216060] ACPI: Added _OSI(Module Device)
[    0.216882] ACPI: Added _OSI(Processor Device)
[    0.217712] ACPI: Added _OSI(3.0 _SCP Extensions)
[    0.218680] ACPI: Added _OSI(Processor Aggregator Device)
[    0.219721] ACPI: Added _OSI(Linux-Dell-Video)
[    0.220003] ACPI: Added _OSI(Linux-Lenovo-NV-HDMI-Audio)
[    0.220974] ACPI: Added _OSI(Linux-HPI-Hybrid-Graphics)
[    0.222342] ACPI: Executed 1 blocks of module-level executable AML code
[    0.226556] ACPI: Interpreter enabled
[    0.227368] ACPI: (supports S0 S5)
[    0.228004] ACPI: Using IOAPIC for interrupt routing
[    0.229107] PCI: Using host bridge windows from ACPI; if necessary, use "pci=nocrs" and report a bug
[    0.230979] ACPI: Enabled 2 GPEs in block 00 to 07
[    0.237389] ACPI: PCI Root Bridge [PCI0] (domain 0000 [bus 00-ff])
[    0.239106] acpi PNP0A03:00: _OSC: OS supports [ASPM ClockPM Segments MSI]
[    0.240379] acpi PNP0A03:00: _OSC: not requesting OS control; OS requires [ExtendedConfig ASPM ClockPM MSI]
[    0.242722] acpi PNP0A03:00: fail to add MMCONFIG information, can't access extended PCI configuration space under this bridge.
[    0.244438] PCI host bridge to bus 0000:00
[    0.245233] pci_bus 0000:00: root bus resource [io  0x0000-0x0cf7 window]
[    0.246487] pci_bus 0000:00: root bus resource [io  0x0d00-0xffff window]
[    0.248002] pci_bus 0000:00: root bus resource [mem 0x000a0000-0x000bffff window]
[    0.249406] pci_bus 0000:00: root bus resource [mem 0xe0000000-0xfdffffff window]
[    0.250806] pci_bus 0000:00: root bus resource [bus 00-ff]
[    0.257313] pci 0000:00:01.1: legacy IDE quirk: reg 0x10: [io  0x01f0-0x01f7]
[    0.259802] pci 0000:00:01.1: legacy IDE quirk: reg 0x14: [io  0x03f6]
[    0.260010] pci 0000:00:01.1: legacy IDE quirk: reg 0x18: [io  0x0170-0x0177]
[    0.261998] pci 0000:00:01.1: legacy IDE quirk: reg 0x1c: [io  0x0376]
[    0.310588] pci 0000:00:07.0: quirk: [io  0x4000-0x403f] claimed by PIIX4 ACPI
[    0.312071] pci 0000:00:07.0: quirk: [io  0x4100-0x410f] claimed by PIIX4 SMB
[    0.334056] ACPI: PCI Interrupt Link [LNKA] (IRQs 5 9 10 *11)
[    0.335822] ACPI: PCI Interrupt Link [LNKB] (IRQs 5 9 *10 11)
[    0.336158] ACPI: PCI Interrupt Link [LNKC] (IRQs 5 *9 10 11)
[    0.337544] ACPI: PCI Interrupt Link [LNKD] (IRQs 5 9 10 *11)
[    0.340482] SCSI subsystem initialized
[    0.341529] pci 0000:00:02.0: vgaarb: setting as boot VGA device
[    0.341529] pci 0000:00:02.0: vgaarb: VGA device added: decodes=io+mem,owns=io+mem,locks=none
[    0.344016] pci 0000:00:02.0: vgaarb: bridge control possible
[    0.345246] vgaarb: loaded
[    0.346036] ACPI: bus type USB registered
[    0.348042] usbcore: registered new interface driver usbfs
[    0.349272] usbcore: registered new interface driver hub
[    0.350497] usbcore: registered new device driver usb
[    0.351791] EDAC MC: Ver: 3.0.0
[    0.352341] PCI: Using ACPI for IRQ routing
[    0.353308] NetLabel: Initializing
[    0.354098] NetLabel:  domain hash size = 128
[    0.356005] NetLabel:  protocols = UNLABELED CIPSOv4 CALIPSO
[    0.357282] NetLabel:  unlabeled traffic allowed by default
[    0.358473] clocksource: Switched to clocksource kvm-clock
[    0.373204] VFS: Disk quotas dquot_6.6.0
[    0.374048] VFS: Dquot-cache hash table entries: 512 (order 0, 4096 bytes)
[    0.375504] AppArmor: AppArmor Filesystem Enabled
[    0.376705] pnp: PnP ACPI init
[    0.378801] pnp: PnP ACPI: found 3 devices
[    0.391239] clocksource: acpi_pm: mask: 0xffffff max_cycles: 0xffffff, max_idle_ns: 2085701024 ns
[    0.394980] NET: Registered protocol family 2
[    0.397193] IP idents hash table entries: 65536 (order: 7, 524288 bytes)
[    0.400918] TCP established hash table entries: 32768 (order: 6, 262144 bytes)
[    0.403899] TCP bind hash table entries: 32768 (order: 7, 524288 bytes)
[    0.406533] TCP: Hash tables configured (established 32768 bind 32768)
[    0.411345] UDP hash table entries: 2048 (order: 4, 65536 bytes)
[    0.413791] UDP-Lite hash table entries: 2048 (order: 4, 65536 bytes)
[    0.417178] NET: Registered protocol family 1
[    0.419311] pci 0000:00:00.0: Limiting direct PCI/PCI transfers
[    0.423336] pci 0000:00:01.0: Activating ISA DMA hang workarounds
[    0.427120] pci 0000:00:02.0: Video device with shadowed ROM at [mem 0x000c0000-0x000dffff]
[    0.431669] Unpacking initramfs...
[    0.789214] Freeing initrd memory: 19528K
[    0.790415] PCI-DMA: Using software bounce buffering for IO (SWIOTLB)
[    0.792253] software IO TLB: mapped [mem 0xdbff0000-0xdfff0000] (64MB)
[    0.794531] clocksource: tsc: mask: 0xffffffffffffffff max_cycles: 0x2135f5e6f15, max_idle_ns: 440795231538 ns
[    0.797547] platform rtc_cmos: registered platform RTC device (no PNP device found)
[    0.800003] Scanning for low memory corruption every 60 seconds
[    0.802811] Initialise system trusted keyrings
[    0.804159] Key type blacklist registered
[    0.805540] workingset: timestamp_bits=36 max_order=20 bucket_order=0
[    0.808744] zbud: loaded
[    0.812683] squashfs: version 4.0 (2009/01/31) Phillip Lougher
[    0.814786] fuse init (API version 7.26)
[    0.818757] Key type asymmetric registered
[    0.819957] Asymmetric key parser 'x509' registered
[    0.821547] Block layer SCSI generic (bsg) driver version 0.4 loaded (major 246)
[    0.823693] io scheduler noop registered
[    0.824859] io scheduler deadline registered
[    0.826271] io scheduler cfq registered (default)
[    0.828529] ACPI: AC Adapter [AC] (on-line)
[    0.829997] input: Power Button as /devices/LNXSYSTM:00/LNXPWRBN:00/input/input0
[    0.832393] ACPI: Power Button [PWRF]
[    0.833573] input: Sleep Button as /devices/LNXSYSTM:00/LNXSLPBN:00/input/input1
[    0.835721] ACPI: Sleep Button [SLPF]
[    0.838948] ACPI: Battery Slot [BAT0] (battery present)
[    0.840329] Serial: 8250/16550 driver, 32 ports, IRQ sharing enabled
[    0.863553] 00:02: ttyS0 at I/O 0x3f8 (irq = 4, base_baud = 115200) is a 16550A
[    0.866100] Linux agpgart interface v0.103
[    0.867807] loop: module loaded
[    0.869082] scsi host0: ata_piix
[    0.872170] scsi host1: ata_piix
[    0.872950] ata1: PATA max UDMA/33 cmd 0x1f0 ctl 0x3f6 bmdma 0xd000 irq 14
[    0.874500] ata2: PATA max UDMA/33 cmd 0x170 ctl 0x376 bmdma 0xd008 irq 15
[    0.876095] tun: Universal TUN/TAP device driver, 1.6
[    0.877128] PPP generic driver version 2.4.2
[    0.878062] ehci_hcd: USB 2.0 'Enhanced' Host Controller (EHCI) Driver
[    0.879246] ehci-pci: EHCI PCI platform driver
[    0.880058] ehci-platform: EHCI generic platform driver
[    0.881116] ohci_hcd: USB 1.1 'Open' Host Controller (OHCI) Driver
[    0.882284] ohci-pci: OHCI PCI platform driver
[    0.883123] ohci-platform: OHCI generic platform driver
[    0.884081] uhci_hcd: USB Universal Host Controller Interface driver
[    0.885343] i8042: PNP: PS/2 Controller [PNP0303:PS2K,PNP0f03:PS2M] at 0x60,0x64 irq 1,12
[    0.887516] serio: i8042 KBD port at 0x60,0x64 irq 1
[    0.888888] serio: i8042 AUX port at 0x60,0x64 irq 12
[    0.889922] mousedev: PS/2 mouse device common for all mice
[    0.891227] input: AT Translated Set 2 keyboard as /devices/platform/i8042/serio0/input/input2
[    0.893234] rtc_cmos rtc_cmos: rtc core: registered rtc_cmos as rtc0
[    0.894470] rtc_cmos rtc_cmos: alarms up to one day, 114 bytes nvram
[    0.895713] i2c /dev entries driver
[    0.896534] device-mapper: uevent: version 1.0.3
[    0.897513] device-mapper: ioctl: 4.37.0-ioctl (2017-09-20) initialised: dm-devel@redhat.com
[    0.899217] ledtrig-cpu: registered to indicate activity on CPUs
[    0.900657] NET: Registered protocol family 10
[    0.904619] Segment Routing with IPv6
[    0.905720] NET: Registered protocol family 17
[    0.907043] Key type dns_resolver registered
[    0.908581] mce: Using 0 MCE banks
[    0.909756] RAS: Correctable Errors collector initialized.
[    0.911528] sched_clock: Marking stable (908530428, 0)->(1220723130, -312192702)
[    0.914588] registered taskstats version 1
[    0.915744] Loading compiled-in X.509 certificates
[    0.920223] Loaded X.509 cert 'Build time autogenerated kernel key: 70c562671a3916277fe5fdc18b24b613b7a6fbd0'
[    0.924636] Loaded X.509 cert 'Canonical Ltd. Live Patch Signing: 14df34d1a87cf37625abec039ef2bf521249b969'
[    0.929549] Loaded X.509 cert 'Canonical Ltd. Kernel Module Signing: 88f752e560a1e0737e31163a466ad7b70a850c19'
[    0.933230] blacklist: Loading compiled-in revocation X.509 certificates
[    0.935567] Loaded X.509 cert 'Canonical Ltd. Secure Boot Signing: 61482aa2830d0ab2ad5af10b7250da9033ddcef0'
[    0.939104] zswap: loaded using pool lzo/zbud
[    0.945621] Key type big_key registered
[    0.947325] Key type trusted registered
[    0.950473] Key type encrypted registered
[    0.951762] AppArmor: AppArmor sha1 policy hashing enabled
[    0.953483] ima: No TPM chip found, activating TPM-bypass! (rc=-19)
[    0.955321] ima: Allocated hash algorithm: sha1
[    0.956802] evm: HMAC attrs: 0x1
[    0.958209]   Magic number: 6:586:145
[    0.959287] ata_port ata2: hash matches
[    0.960657]  ata2: hash matches
[    0.961865] rtc_cmos rtc_cmos: setting system clock to 2022-05-04 21:06:33 UTC (1651698393)
[    0.964523] BIOS EDD facility v0.16 2004-Jun-25, 0 devices found
[    0.966446] EDD information not available.
[    1.206708] Freeing unused kernel image memory: 2468K
[    1.268532] Write protecting the kernel read-only data: 20480k
[    1.271164] Freeing unused kernel image memory: 2008K
[    1.272777] Freeing unused kernel image memory: 1820K
[    1.278121] x86/mm: Checked W+X mappings: passed, no W+X pages found.
[    1.279319] x86/mm: Checking user space page tables
[    1.284232] x86/mm: Checked W+X mappings: passed, no W+X pages found.
Loading, please wait...
starting version 237
[    1.378657] e1000: Intel(R) PRO/1000 Network Driver - version 7.3.21-k8-NAPI
[    1.380000] e1000: Copyright (c) 1999-2006 Intel Corporation.
[    1.389849] Fusion MPT base driver 3.04.20
[    1.390760] Copyright (c) 1999-2008 LSI Corporation
[    1.399169] Fusion MPT SPI Host driver 3.04.20
[    1.404312] AVX2 version of gcm_enc/dec engaged.
[    1.405404] AES CTR mode by8 optimization enabled
[    1.616066] input: ImExPS/2 Generic Explorer Mouse as /devices/platform/i8042/serio1/input/input4
[    1.856255] e1000 0000:00:03.0 eth0: (PCI:33MHz:32-bit) 02:27:94:89:a7:22
[    1.858170] e1000 0000:00:03.0 eth0: Intel(R) PRO/1000 Network Connection
[    1.861971] mptbase: ioc0: Initiating bringup
[    1.865087] e1000 0000:00:03.0 enp0s3: renamed from eth0
[    1.960349] ioc0: LSI53C1030 A0: Capabilities={Initiator}
[    2.203430] scsi host2: ioc0: LSI53C1030 A0, FwRev=00000000h, Ports=1, MaxQ=256, IRQ=20
[    2.372669] scsi 2:0:0:0: Direct-Access     VBOX     HARDDISK         1.0  PQ: 0 ANSI: 5
[    3.351697] scsi target2:0:0: Beginning Domain Validation
[    3.353360] scsi target2:0:0: Domain Validation skipping write tests
[    3.354602] scsi target2:0:0: Ending Domain Validation
[    3.355581] scsi target2:0:0: asynchronous
[    3.356649] scsi 2:0:1:0: Direct-Access     VBOX     HARDDISK         1.0  PQ: 0 ANSI: 5
[    3.954553] scsi target2:0:1: Beginning Domain Validation
[    3.958014] random: fast init done
[    3.960118] scsi target2:0:1: Domain Validation skipping write tests
[    3.962665] scsi target2:0:1: Ending Domain Validation
[    3.964830] scsi target2:0:1: asynchronous
[    3.973592] random: systemd-udevd: uninitialized urandom read (16 bytes read)
[    3.973938] sd 2:0:0:0: [sda] 83886080 512-byte logical blocks: (42.9 GB/40.0 GiB)
[    3.976740] random: systemd-udevd: uninitialized urandom read (16 bytes read)
[    3.979752] sd 2:0:0:0: Attached scsi generic sg0 type 0
[    3.982522] random: systemd-udevd: uninitialized urandom read (16 bytes read)
[    3.982901] sd 2:0:0:0: [sda] Write Protect is off
[    3.989824] sd 2:0:0:0: [sda] Incomplete mode parameter data
[    3.989908] sd 2:0:1:0: [sdb] 20480 512-byte logical blocks: (10.5 MB/10.0 MiB)
[    3.991376] sd 2:0:0:0: [sda] Assuming drive cache: write through
[    3.993428] sd 2:0:1:0: Attached scsi generic sg1 type 0
[    3.994957] sd 2:0:1:0: [sdb] Write Protect is off
[    3.997886] sd 2:0:1:0: [sdb] Incomplete mode parameter data
[    3.999095] sd 2:0:1:0: [sdb] Assuming drive cache: write through
[    4.002210]  sda: sda1
[    4.003532] sd 2:0:1:0: [sdb] Attached SCSI disk
[    4.003653] sd 2:0:0:0: [sda] Attached SCSI disk
Begin: Loading essential drivers ... [    5.484095] raid6: sse2x1   gen() 13104 MB/s
[    5.532117] raid6: sse2x1   xor()  6033 MB/s
[    5.580171] raid6: sse2x2   gen() 16084 MB/s
[    5.628078] raid6: sse2x2   xor()  9813 MB/s
[    5.676069] raid6: sse2x4   gen() 13217 MB/s
[    5.724139] raid6: sse2x4   xor() 10977 MB/s
[    5.772091] raid6: avx2x1   gen() 19679 MB/s
[    5.820086] raid6: avx2x1   xor() 11842 MB/s
[    5.868159] raid6: avx2x2   gen() 34235 MB/s
[    5.916076] raid6: avx2x2   xor() 15500 MB/s
[    5.964095] raid6: avx2x4   gen() 25924 MB/s
[    6.012071] raid6: avx2x4   xor() 16854 MB/s
[    6.013633] raid6: using algorithm avx2x2 gen() 34235 MB/s
[    6.015300] raid6: .... xor() 15500 MB/s, rmw enabled
[    6.016799] raid6: using avx2x2 recovery algorithm
[    6.020198] xor: automatically using best checksumming function   avx       
[    6.024300] async_tx: api initialized (async)
done.
Begin: Running /scripts/init-premount ... done.
Begin: Mounting root file system ... Begin: Running /scripts/local-top ... done.
Begin: Running /scripts/local-premount ... [    6.087154] Btrfs loaded, crc32c=crc32c-intel
Scanning for Btrfs filesystems
done.
Warning: fsck not present, so skipping root file system
[    6.110910] EXT4-fs (sda1): mounted filesystem with ordered data mode. Opts: (null)
done.
Begin: Running /scripts/local-bottom ... done.
Begin: Running /scripts/init-bottom ... done.
[    6.254981] ip_tables: (C) 2000-2006 Netfilter Core Team
[    6.269476] systemd[1]: systemd 237 running in system mode. (+PAM +AUDIT +SELINUX +IMA +APPARMOR +SMACK +SYSVINIT +UTMP +LIBCRYPTSETUP +GCRYPT +GNUTLS +ACL +XZ +LZ4 +SECCOMP +BLKID +ELFUTILS +KMOD -IDN2 +IDN -PCRE2 default-hierarchy=hybrid)
[    6.277697] systemd[1]: Detected virtualization oracle.
[    6.280011] systemd[1]: Detected architecture x86-64.

Welcome to [1mUbuntu 18.04.6 LTS[0m!

[    6.289832] systemd[1]: Set hostname to <ubuntu>.
[    6.296074] systemd[1]: Initializing machine ID from random generator.
[    6.299069] systemd[1]: Installed transient /etc/machine-id file.
[    6.595417] systemd[1]: Reached target User and Group Name Lookups.
[[0;32m  OK  [0m] Reached target User and Group Name Lookups.
[    6.599433] systemd[1]: Set up automount Arbitrary Executable File Formats File System Automount Point.
[[0;32m  OK  [0m] Set up automount Arbitrary Executab…rmats File System Automount Point.
[    6.604771] systemd[1]: Created slice System Slice.
[[0;32m  OK  [0m] Created slice System Slice.
[    6.606564] systemd[1]: Listening on Device-mapper event daemon FIFOs.
[[0;32m  OK  [0m] Listening on Device-mapper event daemon FIFOs.
[[0;32m  OK  [0m] Listening on LVM2 poll daemon socket.
[[0;32m  OK  [0m] Reached target System Time Synchronized.
[[0;32m  OK  [0m] Listening on Journal Socket.
         Starting Create list of required st…ce nodes for the current kernel...
         Starting Uncomplicated firewall...
         Mounting Huge Pages File System...
[[0;32m  OK  [0m] Started Forward Password Requests to Wall Directory Watch.
[[0;32m  OK  [0m] Created slice system-serial\x2dgetty.slice.
[[0;32m  OK  [0m] Listening on LVM2 metadata daemon socket.
[[0;32m  OK  [0m] Listening on Network Service Netlink Socket.
[[0;32m  OK  [0m] Listening on /dev/initctl Compatibility Named Pipe.
[[0;32m  OK  [0m] Created slice User and Session Slice.
[[0;32m  OK  [0m] Reached target Slices.
[[0;32m  OK  [0m] Listening on udev Control Socket.
[[0;32m  OK  [0m] Listening on Journal Socket (/dev/log).
         Starting Set the console keyboard layout...
         Mounting POSIX Message Queue File System...
         Starting Monitoring of LVM2 mirrors…ng dmeventd or progress polling...
         Mounting Kernel Debug File System...
[[0;32m  OK  [0m] Listening on udev Kernel Socket.
         Starting udev Coldplug all Devices...
         Starting Load Kernel Modules...
[[0;32m  OK  [0m] Reached target Swap.
[[0;32m  OK  [0m] Listening on fsck to fsckd communication Socket.
         Starting File System Check on Root Device...
[[0;32m  OK  [0m] Listening on Syslog Socket.
[[0;32m  OK  [0m] Listening on Journal Audit Socket.
         Starting Journal Service...
[[0;32m  OK  [0m] Started Create list of required sta…vice nodes for the current kernel.
[[0;32m  OK  [0m] Started Uncomplicated firewall.
[[0;32m  OK  [0m] Mounted Huge Pages File System.
[[0;32m  OK  [0m] Mounted POSIX Message Queue File System.
[[0;32m  OK  [0m] Mounted Kernel Debug File System.
[[0;32m  OK  [0m] Started LVM2 metadata daemon.
         Starting Create Static Device Nodes in /dev...
[    6.719500] Loading iSCSI transport class v2.0-870.
[    6.728930] iscsi: registered transport (tcp)
[[0;32m  OK  [0m] Started File System Check Daemon to report status.
[[0;32m  OK  [0m] Started udev Coldplug all Devices.
[[0;32m  OK  [0m] Started File System Check on Root Device.
         Starting Remount Root and Kernel File Systems...
[[0;32m  OK  [0m] Started Journal Service.
[[0;32m  OK  [0m] Started Create Static Device Nodes in /dev.
[    6.823677] iscsi: registered transport (iser)
[[0;32m  OK  [0m] Started Load Kernel Modules.
         Mounting FUSE Control File System...
         Starting Apply Kernel Variables...
         Mounting Kernel Configuration File System...
[[0;32m  OK  [0m] Mounted Kernel Configuration File System.
[[0;32m  OK  [0m] Mounted FUSE Control File System.
[[0;32m  OK  [0m] Started Remount Root and Kernel File Systems.
         Starting udev Kernel Device Manager...
         Starting Load/Save Random Seed...
         Starting Flush Journal to Persistent Storage...
[[0;32m  OK  [0m] Started Monitoring of LVM2 mirrors,…sing dmeventd or progress polling.
[[0;32m  OK  [0m] Started Apply Kernel Variables.
[[0;32m  OK  [0m] Started Load/Save Random Seed.
[[0;32m  OK  [0m] Started Set the console keyboard layout.
[[0;32m  OK  [0m] Reached target Local File Systems (Pre).
[[0;32m  OK  [0m] Reached target Local File Systems.
         Starting Tell Plymouth To Write Out Runtime Data...
         Starting Commit a transient machine-id on disk...
         Starting AppArmor initialization...
         Starting Set console font and keymap...
         Starting ebtables ruleset management...
[[0;32m  OK  [0m] Started Tell Plymouth To Write Out Runtime Data.
[[0;32m  OK  [0m] Started udev Kernel Device Manager.
[[0;32m  OK  [0m] Started Dispatch Password Requests to Console Directory Watch.
[[0;32m  OK  [0m] Reached target Local Encrypted Volumes.
[[0;32m  OK  [0m] Started Flush Journal to Persistent Storage.
         Starting Create Volatile Files and Directories...
[[0;32m  OK  [0m] Started Set console font and keymap.
[[0;32m  OK  [0m] Started Commit a transient machine-id on disk.
[[0;32m  OK  [0m] Started Create Volatile Files and Directories.
         Starting Update UTMP about System Boot/Shutdown...
[[0;32m  OK  [0m] Started Update UTMP about System Boot/Shutdown.
[[0;32m  OK  [0m] Started ebtables ruleset management.
[[0;32m  OK  [0m] Found device /dev/ttyS0.
[[0;32m  OK  [0m] Listening on Load/Save RF Kill Switch Status /dev/rfkill Watch.
[[0;32m  OK  [0m] Started AppArmor initialization.
         Starting Initial cloud-init job (pre-networking)...
         Starting Load AppArmor profiles managed internally by snapd...
[[0;32m  OK  [0m] Started Load AppArmor profiles managed internally by snapd.
[    9.230095] cloud-init[580]: Cloud-init v. 22.1-14-g2e17a0d6-0ubuntu1~18.04.3 running 'init-local' at Wed, 04 May 2022 21:06:41 +0000. Up 8.87 seconds.
[[0;32m  OK  [0m] Started Initial cloud-init job (pre-networking).
[[0;32m  OK  [0m] Reached target Network (Pre).
         Starting Network Service...
[[0;32m  OK  [0m] Started Network Service.
         Starting Network Name Resolution...
         Starting Wait for Network to be Configured...
[[0;32m  OK  [0m] Started Network Name Resolution.
[[0;32m  OK  [0m] Reached target Network.
[[0;32m  OK  [0m] Reached target Host and Network Name Lookups.
[[0;32m  OK  [0m] Started Wait for Network to be Configured.
         Starting Initial cloud-init job (metadata service crawler)...
[   11.407872] cloud-init[699]: Cloud-init v. 22.1-14-g2e17a0d6-0ubuntu1~18.04.3 running 'init' at Wed, 04 May 2022 21:06:43 +0000. Up 11.14 seconds.
[   11.411463] cloud-init[699]: ci-info: ++++++++++++++++++++++++++++++++++++++Net device info++++++++++++++++++++++++++++++++++++++
[   11.417287] cloud-init[699]: ci-info: +--------+------+----------------------------+---------------+--------+-------------------+
[   11.420768] cloud-init[699]: ci-info: | Device |  Up  |          Address           |      Mask     | Scope  |     Hw-Address    |
[   11.424736] cloud-init[699]: ci-info: +--------+------+----------------------------+---------------+--------+-------------------+
[   11.430020] cloud-init[699]: ci-info: | enp0s3 | True |         10.0.2.15          | 255.255.255.0 | global | 02:27:94:89:a7:22 |
[   11.433969] cloud-init[699]: ci-info: | enp0s3 | True | fe80::27:94ff:fe89:a722/64 |       .       |  link  | 02:27:94:89:a7:22 |
[   11.437121] cloud-init[699]: ci-info: |   lo   | True |         127.0.0.1          |   255.0.0.0   |  host  |         .         |
[   11.448319] cloud-init[699]: ci-info: |   lo   | True |          ::1/128           |       .       |  host  |         .         |
[   11.450618] cloud-init[699]: ci-info: +--------+------+----------------------------+---------------+--------+-------------------+
[   11.453840] cloud-init[699]: ci-info: ++++++++++++++++++++++++++++Route IPv4 info+++++++++++++++++++++++++++++
[   11.455966] cloud-init[699]: ci-info: +-------+-------------+----------+-----------------+-----------+-------+
[   11.458259] cloud-init[699]: ci-info: | Route | Destination | Gateway  |     Genmask     | Interface | Flags |
[   11.460332] cloud-init[699]: ci-info: +-------+-------------+----------+-----------------+-----------+-------+
[   11.462563] cloud-init[699]: ci-info: |   0   |   0.0.0.0   | 10.0.2.2 |     0.0.0.0     |   enp0s3  |   UG  |
[   11.464859] cloud-init[699]: ci-info: |   1   |   10.0.2.0  | 0.0.0.0  |  255.255.255.0  |   enp0s3  |   U   |
[   11.467152] cloud-init[699]: ci-info: |   2   |   10.0.2.2  | 0.0.0.0  | 255.255.255.255 |   enp0s3  |   UH  |
[   11.469776] cloud-init[699]: ci-info: +-------+-------------+----------+-----------------+-----------+-------+
[   11.471770] cloud-init[699]: ci-info: +++++++++++++++++++Route IPv6 info+++++++++++++++++++
[   11.473369] cloud-init[699]: ci-info: +-------+-------------+---------+-----------+-------+
[   11.475993] cloud-init[699]: ci-info: | Route | Destination | Gateway | Interface | Flags |
[   11.477416] cloud-init[699]: ci-info: +-------+-------------+---------+-----------+-------+
[   11.478818] cloud-init[699]: ci-info: |   1   |  fe80::/64  |    ::   |   enp0s3  |   U   |
[   11.480312] cloud-init[699]: ci-info: |   3   |    local    |    ::   |   enp0s3  |   U   |
[   11.482000] cloud-init[699]: ci-info: |   4   |   ff00::/8  |    ::   |   enp0s3  |   U   |
[   11.483369] cloud-init[699]: ci-info: +-------+-------------+---------+-----------+-------+
[   12.173458] cloud-init[699]: Generating public/private rsa key pair.
[   12.175557] cloud-init[699]: Your identification has been saved in /etc/ssh/ssh_host_rsa_key.
[   12.177664] cloud-init[699]: Your public key has been saved in /etc/ssh/ssh_host_rsa_key.pub.
[   12.179727] cloud-init[699]: The key fingerprint is:
[   12.181654] cloud-init[699]: SHA256:01MqWJTVxqOeyYVyNjyw2KcvfuA2iCDPOWwoMBvPymw root@ubuntu-bionic
[   12.183982] cloud-init[699]: The key's randomart image is:
[   12.185650] cloud-init[699]: +---[RSA 2048]----+
[   12.187318] cloud-init[699]: |        .o.o     |
[   12.189391] cloud-init[699]: |       .o   =    |
[   12.191092] cloud-init[699]: |       o.+ +..   |
[   12.192904] cloud-init[699]: |      .o+.Xo.    |
[   12.204329] cloud-init[699]: |      . SO+*     |
[   12.206192] cloud-init[699]: |= .     oo=.     |
[   12.207371] cloud-init[699]: |.% o . o o       |
[   12.209151] cloud-init[699]: |*EX . . = o      |
[   12.210331] cloud-init[699]: |+= .   o.+       |
[   12.220456] cloud-init[699]: +----[SHA256]-----+
[   12.221579] cloud-init[699]: Generating public/private dsa key pair.
[   12.222762] cloud-init[699]: Your identification has been saved in /etc/ssh/ssh_host_dsa_key.
[   12.224720] cloud-init[699]: Your public key has been saved in /etc/ssh/ssh_host_dsa_key.pub.
[   12.226489] cloud-init[699]: The key fingerprint is:
[   12.227950] cloud-init[699]: SHA256:TRaOxPHXtHXEQN721fnj0nekCAROh0o8zhQxi0wyr0k root@ubuntu-bionic
[   12.229640] cloud-init[699]: The key's randomart image is:
[   12.230798] cloud-init[699]: +---[DSA 1024]----+
[   12.232123] cloud-init[699]: |  o ..++=oo  .+++|
[   12.233294] cloud-init[699]: |   * .=*o* . + +=|
[   12.234681] cloud-init[699]: |  E +=.oo * . +.=|
[   12.235978] cloud-init[699]: | . o  +  = .   .+|
[   12.248629] cloud-init[699]: |  o     S o    .+|
[   12.249507] cloud-init[699]: |           . .oo.|
[[0;32m  OK  [0m[   12.268325] cloud-init[699]: |            ...oo|
[   12.268575] cloud-init[699]: |              . o|
] Started Initial cloud-init job (metadata service crawler).
[   12.269093] cloud-init[699]: |                 |
[[   12.292419] cloud-init[699]: +----[SHA256]-----+
[   12.292575] cloud-init[699]: Generating public/private ecdsa key pair.
[0;32m  OK  [0m] Reached target Network is Online.
[   12.292863] cloud-init[699]: Your identification has been saved in /etc/ssh/ssh_host_ecdsa_key.
[   12.310256] cloud-init[699]: Your public key has been saved in /etc/ssh/ssh_host_ecdsa_key.pub.
[   12.312828] cloud-init[699]: The key fingerprint is:
[   12.314714] cloud-init[699]: SHA256:T3Sfz8xYUOzoup+nGxwcCc24crIw8BDJxUyIN+wHasg root@ubuntu-bionic
[   12.317820] cloud-init[699]: The key's randomart image is:
[   12.319259] cloud-init[699]: +---[ECDSA 256]---+
         Starting Availability of block devices...
[   12.320259] cloud-init[699]: |     +.Oo   .+ ..|
[[0;32m  OK  [0m[   12.332251] cloud-init[699]: |    . @ o   ..oo.|
] Reached target Remote File Systems (Pre).
[   12.333319] cloud-init[699]: | . . + *  . ..+o |
[[0;32m  OK  [0m[   12.336585] cloud-init[699]: |  E o . =.o.oo.+.|
[   12.337152] cloud-init[699]: |   .   .So.= .= .|
] Reached target Remote File Systems.
[[   12.337215] cloud-init[699]: |         o.  ..O |
[0;32m  OK  [0m] Reached target Cloud-config availability.
[[   12.340789] cloud-init[699]: |          .  .+ =|
[   12.343103] cloud-init[699]: |            .  o.|
[   12.344415] cloud-init[699]: |            .o=+ |
[   12.344820] [0;32m  OK  [0m] Reached target System Initialization.
cloud-init[699]: +----[SHA256]-----+
[[0;32m  OK  [0m] Listening on cloud-init hotplug hook socket.
[   12.348918] cloud-init[699]: Generating public/private ed25519 key pair.
[   12.351912] cloud-init[699]: Your identification has been saved in /etc/ssh/ssh_host_ed25519_key.
[   12.352462] cloud-init[699]: Your public key has been saved in /etc/ssh/ssh_host_ed25519_key.pub.
[[0;32m  OK  [0m] Listening on Open-iSCSI iscsid Socket.
[   12.353230] [[0;32m  OK  [0m] Listening on UUID daemon activation socket.
[[0;32m  OK  [0m] Started Message of the Day.
cloud-init[699]: The key fingerprint is:
[[0;32m  OK  [0m] Started Daily apt download activities.
[   12.361207] [[0;32m  OK  [0m] Started Daily apt upgrade and clean activities.
[[0;32m  OK  [0m] Started Trigger to poll for Ubuntu …(Only enabled on GCP LTS non-pro).
[[0;32m  OK  [0m] Started Discard unused blocks once a week.
[[0;32m  OK  [0m] Started Daily Cleanup of Temporary Directories.
cloud-init[699]: SHA256:iVN7Z4+FGjpMNfy09FWHoZ3fkq6JMOufCg4G+sdYby4 root@ubuntu-bionic
[   12.368326] cloud-init[699]: The key's randomart image is:
[   12.369711] cloud-init[699]: +--[ED25519 256]--+
[   12.370911] cloud-init[699]: |              .oo|
[   12.371681] cloud-init[699]: |         .   o..o|
         Starting LXD - unix socket.
[   12.372826] cloud-init[699]: |        . + + o .|
[[0;32m  OK  [0m] Started ACPI Events Check.
         Starting Socket activation for snappy daemon.
[[0;32m  OK  [0m] Started Ubuntu Advantage Timer for running repeated jobs.
[[0;32m  OK  [0m] Reached target Timers.
[[0;32m  OK  [0m] Listening on ACPID Listen Socket.
[[0;32m  OK  [0m] Reached target Paths.
[[0;32m  OK  [0m] Listening on D-Bus System Message Bus Socket.
[[0;32m  OK  [0m] Started Availability of block devices.
[[0;32m  OK  [0m] Listening on LXD - unix socket.
[[0;32m  OK  [0m] Listening on Socket activation for snappy daemon.
[[0;32m  OK  [0m] Reached target Sockets.
[[0;32m  OK  [0m] Reached target Basic System.
[[0;32m  OK  [0m] Started D-Bus System Message Bus.
[   12.375117] cloud-init[699]: |       o + = + +.|
[   12.408694] cloud-init[699]: |  .   o S o * = o|
[   12.410525] cloud-init[699]: | . ..  + o = = . |
[   12.415895] cloud-init[699]: |.  +o.. * . . o  |
[   12.417313] cloud-init[699]: | ...Eoo. = o o   |
[   12.418945] cloud-init[699]: |  .. +o.+o+ o    |
[   12.420818] cloud-init[699]: +----[SHA256]-----+
[[0;32m  OK  [0m] Started Deferred execution scheduler.
         Starting LSB: automatic crash report generation...
         Starting Login Service...
[[0;32m  OK  [0m] Started irqbalance daemon.
[[0;32m  OK  [0m] Started FUSE filesystem for LXC.
         Starting Accounts Service...
[[0;32m  OK  [0m] Started Regular background program processing daemon.
         Starting Pollinate to seed the pseudo random number generator...
         Starting Virtualbox guest utils...
         Starting Permit User Sessions...
         Starting LXD - container startup/shutdown...
         Starting System Logging Service...
         Starting LSB: Record successful boot for GRUB...
         Starting Snap Daemon...
         Starting Dispatcher daemon for systemd-networkd...
[[0;32m  OK  [0m] Started System Logging Service.
[[0;32m  OK  [0m] Started Permit User Sessions.
[[0;32m  OK  [0m] Started Login Service.
         Starting Authorization Manager...
[[0;32m  OK  [0m] Started Unattended Upgrades Shutdown.
         Starting Terminate Plymouth Boot Screen...
         Starting Hold until boot process finishes up...
[[0;32m  OK  [0m] Started Hold until boot process finishes up.
         Starting Set console scheme...
[[0;32m  OK  [0m] Started Serial Getty on ttyS0.
[[0;32m  OK  [0m] Started Terminate Plymouth Boot Screen.
[[0;32m  OK  [0m] Started Authorization Manager.
[[0;32m  OK  [0m] Started Accounts Service.
[[0;32m  OK  [0m] Started LSB: automatic crash report generation.
[[0;32m  OK  [0m] Started Set console scheme.
[[0;32m  OK  [0m] Created slice system-getty.slice.
[[0;32m  OK  [0m] Started Getty on tty1.
[[0;32m  OK  [0m] Reached target Login Prompts.
[[0;32m  OK  [0m] Started LXD - container startup/shutdown.
[[0;32m  OK  [0m] Started LSB: Record successful boot for GRUB.
[[0;32m  OK  [0m] Started Virtualbox guest utils.
[[0;32m  OK  [0m] Started Dispatcher daemon for systemd-networkd.
[[0;32m  OK  [0m] Started Snap Daemon.
         Starting Wait until snapd is fully seeded...
         Starting Time & Date Service...
[[0;32m  OK  [0m] Started Time & Date Service.
[[0;32m  OK  [0m] Started Pollinate to seed the pseudo random number generator.
         Starting OpenBSD Secure Shell server...
[[0;32m  OK  [0m] Started OpenBSD Secure Shell server.
[[0;32m  OK  [0m] Created slice User Slice of vagrant.
         Starting User Manager for UID 1000...
[[0;32m  OK  [0m] Started Session 1 of user vagrant.
[[0;32m  OK  [0m] Started User Manager for UID 1000.
[[0;32m  OK  [0m] Started Wait until snapd is fully seeded.
         Starting Apply the settings specified in cloud-config...
[[0;32m  OK  [0m] Reached target Multi-User System.
[[0;32m  OK  [0m] Reached target Graphical Interface.
         Starting Update UTMP about System Runlevel Changes...
[[0;32m  OK  [0m] Started Update UTMP about System Runlevel Changes.
[   16.481712] cloud-init[1205]: Cloud-init v. 22.1-14-g2e17a0d6-0ubuntu1~18.04.3 running 'modules:config' at Wed, 04 May 2022 21:06:47 +0000. Up 15.38 seconds.
[[0;32m  OK  [0m] Started Apply the settings specified in cloud-config.
         Starting Execute cloud user/final scripts...
ci-info: no authorized SSH keys fingerprints found for user ubuntu.
<14>May  4 21:06:49 cloud-init: #############################################################
<14>May  4 21:06:49 cloud-init: -----BEGIN SSH HOST KEY FINGERPRINTS-----
<14>May  4 21:06:49 cloud-init: 1024 SHA256:TRaOxPHXtHXEQN721fnj0nekCAROh0o8zhQxi0wyr0k root@ubuntu-bionic (DSA)
<14>May  4 21:06:49 cloud-init: 256 SHA256:T3Sfz8xYUOzoup+nGxwcCc24crIw8BDJxUyIN+wHasg root@ubuntu-bionic (ECDSA)
<14>May  4 21:06:49 cloud-init: 256 SHA256:iVN7Z4+FGjpMNfy09FWHoZ3fkq6JMOufCg4G+sdYby4 root@ubuntu-bionic (ED25519)
<14>May  4 21:06:49 cloud-init: 2048 SHA256:01MqWJTVxqOeyYVyNjyw2KcvfuA2iCDPOWwoMBvPymw root@ubuntu-bionic (RSA)
<14>May  4 21:06:49 cloud-init: -----END SSH HOST KEY FINGERPRINTS-----
<14>May  4 21:06:49 cloud-init: #############################################################
-----BEGIN SSH HOST KEY KEYS-----
ecdsa-sha2-nistp256 AAAAE2VjZHNhLXNoYTItbmlzdHAyNTYAAAAIbmlzdHAyNTYAAABBBD7w1hzLd7fxtlfi1pkxb16oYB2KSKrm7MwSngbHV7yvYDTak94WcjykGhgwayj1Cgx8rW/QBnqiQKJtEepYYXM= root@ubuntu-bionic
ssh-ed25519 AAAAC3NzaC1lZDI1NTE5AAAAIAKMuxXX21dqifekHE1uOVuSjyQfF9TxOG/d1to18WJ0 root@ubuntu-bionic
ssh-rsa AAAAB3NzaC1yc2EAAAADAQABAAABAQDQTnRusC44T/1OfxfHrD+NRhzgIqxPXbiTnxI1UxPAMMZXHYWomMJRrmU6Fuhrr69mxjsBSj/pZi+i5KYgJOS0tUEPX6Ee4RcNF4p6nL+jvXd6FQpa5K62Y0MOLY7GwFYSuJkWruuiEX1BchMjGGyCLKpjEFOrse1u+oL1tyojAz9OIFBGXn1054uUMjZyhM7lOqp+fIib+c2o2qWqvMBSaD07NxrnKKQU0gNUQzyBZpf3/FWNFFT2UDbFILz9dAy790EWFEgXGpJ+gwgvkDg8ys1qV1x4urFYqluoofB9JvMKk7gkH09371AmZLBs8UTsK7cfykrju0FRv+9741Xp root@ubuntu-bionic
-----END SSH HOST KEY KEYS-----
[   17.387607] cloud-init[1326]: Cloud-init v. 22.1-14-g2e17a0d6-0ubuntu1~18.04.3 running 'modules:final' at Wed, 04 May 2022 21:06:49 +0000. Up 17.13 seconds.
[   17.392283] cloud-init[1326]: Cloud-init v. 22.1-14-g2e17a0d6-0ubuntu1~18.04.3 finished at Wed, 04 May 2022 21:06:49 +0000. Datasource DataSourceNoCloud [seed=/dev/sdb][dsmode=net].  Up 17.37 seconds
[[0;32m  OK  [0m] Started Execute cloud user/final scripts.
[[0;32m  OK  [0m] Reached target Cloud-init target.

Ubuntu 18.04.6 LTS ubuntu-bionic ttyS0

ubuntu-bionic login: 